#
# A fatal error has been detected by the Java Runtime Environment:
#
#  EXCEPTION_ACCESS_VIOLATION (0xc0000005) at pc=0x65029704, pid=8140, tid=6276
#
# JRE version: 7.0_07-b10
# Java VM: Java HotSpot(TM) Client VM (23.3-b01 mixed mode, sharing windows-x86 )
# Problematic frame:
# C  0x65029704
#
# Failed to write core dump. Minidumps are not enabled by default on client versions of Windows
#
# If you would like to submit a bug report, please visit:
#   http://bugreport.sun.com/bugreport/crash.jsp
# The crash happened outside the Java Virtual Machine in native code.
# See problematic frame for where to report the bug.
#

---------------  T H R E A D  ---------------

Current thread (0x03b63800):  JavaThread "Thread-3" [_thread_in_native, id=6276, stack(0x03930000,0x03980000)]

siginfo: ExceptionCode=0xc0000005, ExceptionInformation=0x00000008 0x65029704

Registers:
EAX=0x00000001, EBX=0x0397f410, ECX=0x19f020aa, EDX=0x0397f2e2
ESP=0x0397f31c, EBP=0x0397f39c, ESI=0x776bc34e, EDI=0x00010001
EIP=0x65029704, EFLAGS=0x00010246

Top of Stack: (sp=0x0397f31c)
0x0397f31c:   037b07e4 00000000 037b07e0 00000028
0x0397f32c:   00000000 00000000 00000500 00000400
0x0397f33c:   00000000 00000000 00000500 000003d8
0x0397f34c:   00000001 00000048 00000000 00000000
0x0397f35c:   00000500 00000400 00000000 00000000
0x0397f36c:   00000500 000003d8 00000001 5c2e5c5c
0x0397f37c:   50534944 3159414c 472aee00 fffffffe
0x0397f38c:   0397f3e0 5e8692e8 03b63800 1a28585a 

Instructions: (pc=0x65029704)
0x650296e4:   
[error occurred during error reporting (printing registers, top of stack, instructions near pc), id 0xc0000005]

Register to memory mapping:

EAX=0x00000001 is an unknown value
EBX=0x0397f410 is pointing into the stack for thread: 0x03b63800
ECX=0x19f020aa is an unknown value
EDX=0x0397f2e2 is pointing into the stack for thread: 0x03b63800
ESP=0x0397f31c is pointing into the stack for thread: 0x03b63800
EBP=0x0397f39c is pointing into the stack for thread: 0x03b63800
ESI=0x776bc34e is an unknown value
EDI=0x00010001 is an unknown value


Stack: [0x03930000,0x03980000],  sp=0x0397f31c,  free space=316k
Native frames: (J=compiled Java code, j=interpreted, Vv=VM code, C=native code)
C  0x65029704
C  [USER32.dll+0x1348a]  GetMonitorInfoW+0xa3
C  [ntdll.dll+0x46fce]  KiUserCallbackDispatcher+0x2e
C  0x650409d1

Java frames: (J=compiled Java code, j=interpreted, Vv=VM code)
j  sun.java2d.d3d.D3DSurfaceData.initOps(III)V+0
j  sun.java2d.d3d.D3DSurfaceData.<init>(Lsun/awt/windows/WComponentPeer;Lsun/java2d/d3d/D3DGraphicsConfig;IILjava/awt/Image;Ljava/awt/image/ColorModel;IILsun/java2d/pipe/hw/ExtendedBufferCapabilities$VSyncType;I)V+76
j  sun.java2d.d3d.D3DSurfaceData.createData(Lsun/awt/windows/WComponentPeer;Ljava/awt/Image;)Lsun/java2d/d3d/D3DSurfaceData;+117
j  sun.java2d.d3d.D3DVolatileSurfaceManager.initAcceleratedSurface()Lsun/java2d/SurfaceData;+59
j  sun.java2d.d3d.D3DVolatileSurfaceManager.restoreAcceleratedSurface()V+62
j  sun.awt.image.VolatileSurfaceManager.validate(Ljava/awt/GraphicsConfiguration;)I+94
j  sun.awt.image.SunVolatileImage.validate(Ljava/awt/GraphicsConfiguration;)I+5
j  java.awt.Component$FlipBufferStrategy.revalidate(Z)V+82
j  java.awt.Component$FlipBufferStrategy.revalidate()V+2
j  java.awt.Component$FlipBufferStrategy.getDrawGraphics()Ljava/awt/Graphics;+1
j  GUI.Drawsheet.getDrawsheet()Ljava/awt/Graphics2D;+4
j  tilemap7.main.run()V+25
j  java.lang.Thread.run()V+11
v  ~StubRoutines::call_stub

---------------  P R O C E S S  ---------------

Java Threads: ( => current thread )
=>0x03b63800 JavaThread "Thread-3" [_thread_in_native, id=6276, stack(0x03930000,0x03980000)]
  0x03acec00 JavaThread "AWT-EventQueue-0" [_thread_blocked, id=1160, stack(0x06100000,0x06150000)]
  0x039ee000 JavaThread "AWT-Shutdown" [_thread_blocked, id=4572, stack(0x03700000,0x03750000)]
  0x039eb400 JavaThread "Java2D Disposer" daemon [_thread_blocked, id=4700, stack(0x03870000,0x038c0000)]
  0x01384000 JavaThread "Service Thread" daemon [_thread_blocked, id=7744, stack(0x03650000,0x036a0000)]
  0x01381c00 JavaThread "C1 CompilerThread0" daemon [_thread_blocked, id=4712, stack(0x038e0000,0x03930000)]
  0x0137d000 JavaThread "Attach Listener" daemon [_thread_blocked, id=5172, stack(0x037c0000,0x03810000)]
  0x0137a000 JavaThread "Signal Dispatcher" daemon [_thread_blocked, id=5256, stack(0x03480000,0x034d0000)]
  0x01369800 JavaThread "Finalizer" daemon [_thread_blocked, id=5940, stack(0x036a0000,0x036f0000)]
  0x01364800 JavaThread "Reference Handler" daemon [_thread_blocked, id=5880, stack(0x034f0000,0x03540000)]
  0x0117a800 JavaThread "main" [_thread_blocked, id=6148, stack(0x011b0000,0x01200000)]

Other Threads:
  0x01362c00 VMThread [stack: 0x035a0000,0x035f0000] [id=8176]
  0x0139ec00 WatcherThread [stack: 0x03990000,0x039e0000] [id=6840]

VM state:not at safepoint (normal execution)

VM Mutex/Monitor currently owned by a thread: None

Heap
 def new generation   total 18048K, used 6768K [0x23970000, 0x24d00000, 0x28ec0000)
  eden space 16064K,  42% used [0x23970000, 0x2400c1e8, 0x24920000)
  from space 1984K,   0% used [0x24920000, 0x24920000, 0x24b10000)
  to   space 1984K,   0% used [0x24b10000, 0x24b10000, 0x24d00000)
 tenured generation   total 39984K, used 23990K [0x28ec0000, 0x2b5cc000, 0x33970000)
   the space 39984K,  59% used [0x28ec0000, 0x2a62d800, 0x2a62d800, 0x2b5cc000)
 compacting perm gen  total 12288K, used 1620K [0x33970000, 0x34570000, 0x37970000)
   the space 12288K,  13% used [0x33970000, 0x33b05008, 0x33b05200, 0x34570000)
    ro space 10240K,  45% used [0x37970000, 0x37df4650, 0x37df4800, 0x38370000)
    rw space 12288K,  54% used [0x38370000, 0x389f7e58, 0x389f8000, 0x38f70000)

Card table byte_map: [0x01200000,0x012b0000] byte_map_base: 0x010e3480

Polling page: 0x00470000

Code Cache  [0x01410000, 0x01520000, 0x03410000)
 total_blobs=572 nmethods=340 adapters=167 free_code_cache=31694Kb largest_free_block=32455296

Compilation events (10 events):
Event: 6.623 Thread 0x01381c00  335             sun.awt.AWTAccessor::getComponentAccessor (19 bytes)
Event: 6.623 Thread 0x01381c00 nmethod 335 0x0151b588 code [0x0151b690, 0x0151b72c]
Event: 6.639 Thread 0x01381c00  336             sun.awt.AWTAutoShutdown::notifyToolkitThreadBusy (8 bytes)
Event: 6.639 Thread 0x01381c00 nmethod 336 0x0151b788 code [0x0151b880, 0x0151b90c]
Event: 6.639 Thread 0x01381c00  337             sun.awt.AWTAutoShutdown::notifyToolkitThreadFree (8 bytes)
Event: 6.640 Thread 0x01381c00 nmethod 337 0x0151b988 code [0x0151ba80, 0x0151bb0c]
Event: 6.647 Thread 0x01381c00  338             java.awt.EventQueue::noEvents (29 bytes)
Event: 6.647 Thread 0x01381c00 nmethod 338 0x0151bb88 code [0x0151bc90, 0x0151bd70]
Event: 6.687 Thread 0x01381c00  339  s          sun.awt.PostEventQueue::flush (39 bytes)
Event: 6.687 Thread 0x01381c00 nmethod 339 0x0151be48 code [0x0151bf60, 0x0151c1b8]

GC Heap History (10 events):
Event: 0.840 GC heap before
{Heap before GC invocations=4 (full 1):
 def new generation   total 5888K, used 5264K [0x23970000, 0x23fd0000, 0x28ec0000)
  eden space 5248K, 100% used [0x23970000, 0x23e90000, 0x23e90000)
  from space 640K,   2% used [0x23e90000, 0x23e94020, 0x23f30000)
  to   space 640K,   0% used [0x23f30000, 0x23f30000, 0x23fd0000)
 tenured generation   total 13008K, used 9208K [0x28ec0000, 0x29b74000, 0x33970000)
   the space 13008K,  70% used [0x28ec0000, 0x297be340, 0x297be400, 0x29b74000)
 compacting perm gen  total 12288K, used 1484K [0x33970000, 0x34570000, 0x37970000)
   the space 12288K,  12% used [0x33970000, 0x33ae3100, 0x33ae3200, 0x34570000)
    ro space 10240K,  45% used [0x37970000, 0x37df4650, 0x37df4800, 0x38370000)
    rw space 12288K,  54% used [0x38370000, 0x389f7e58, 0x389f8000, 0x38f70000)
Event: 0.844 GC heap after
Heap after GC invocations=5 (full 1):
 def new generation   total 5888K, used 22K [0x23970000, 0x23fd0000, 0x28ec0000)
  eden space 5248K,   0% used [0x23970000, 0x23970000, 0x23e90000)
  from space 640K,   3% used [0x23f30000, 0x23f35a90, 0x23fd0000)
  to   space 640K,   0% used [0x23e90000, 0x23e90000, 0x23f30000)
 tenured generation   total 13008K, used 12958K [0x28ec0000, 0x29b74000, 0x33970000)
   the space 13008K,  99% used [0x28ec0000, 0x29b67b60, 0x29b67c00, 0x29b74000)
 compacting perm gen  total 12288K, used 1484K [0x33970000, 0x34570000, 0x37970000)
   the space 12288K,  12% used [0x33970000, 0x33ae3100, 0x33ae3200, 0x34570000)
    ro space 10240K,  45% used [0x37970000, 0x37df4650, 0x37df4800, 0x38370000)
    rw space 12288K,  54% used [0x38370000, 0x389f7e58, 0x389f8000, 0x38f70000)
}
Event: 0.905 GC heap before
{Heap before GC invocations=5 (full 1):
 def new generation   total 5888K, used 5270K [0x23970000, 0x23fd0000, 0x28ec0000)
  eden space 5248K, 100% used [0x23970000, 0x23e90000, 0x23e90000)
  from space 640K,   3% used [0x23f30000, 0x23f35a90, 0x23fd0000)
  to   space 640K,   0% used [0x23e90000, 0x23e90000, 0x23f30000)
 tenured generation   total 13008K, used 12958K [0x28ec0000, 0x29b74000, 0x33970000)
   the space 13008K,  99% used [0x28ec0000, 0x29b67b60, 0x29b67c00, 0x29b74000)
 compacting perm gen  total 12288K, used 1484K [0x33970000, 0x34570000, 0x37970000)
   the space 12288K,  12% used [0x33970000, 0x33ae3100, 0x33ae3200, 0x34570000)
    ro space 10240K,  45% used [0x37970000, 0x37df4650, 0x37df4800, 0x38370000)
    rw space 12288K,  54% used [0x38370000, 0x389f7e58, 0x389f8000, 0x38f70000)
Event: 0.943 GC heap after
Heap after GC invocations=6 (full 2):
 def new generation   total 10496K, used 0K [0x23970000, 0x244d0000, 0x28ec0000)
  eden space 9344K,   0% used [0x23970000, 0x23970000, 0x24290000)
  from space 1152K,   0% used [0x24290000, 0x24290000, 0x243b0000)
  to   space 1152K,   0% used [0x243b0000, 0x243b0000, 0x244d0000)
 tenured generation   total 23200K, used 13919K [0x28ec0000, 0x2a568000, 0x33970000)
   the space 23200K,  59% used [0x28ec0000, 0x29c57cb8, 0x29c57e00, 0x2a568000)
 compacting perm gen  total 12288K, used 1484K [0x33970000, 0x34570000, 0x37970000)
   the space 12288K,  12% used [0x33970000, 0x33ae3100, 0x33ae3200, 0x34570000)
    ro space 10240K,  45% used [0x37970000, 0x37df4650, 0x37df4800, 0x38370000)
    rw space 12288K,  54% used [0x38370000, 0x389f7e58, 0x389f8000, 0x38f70000)
}
Event: 1.046 GC heap before
{Heap before GC invocations=6 (full 2):
 def new generation   total 10496K, used 8191K [0x23970000, 0x244d0000, 0x28ec0000)
  eden space 9344K,  87% used [0x23970000, 0x2416ff58, 0x24290000)
  from space 1152K,   0% used [0x24290000, 0x24290000, 0x243b0000)
  to   space 1152K,   0% used [0x243b0000, 0x243b0000, 0x244d0000)
 tenured generation   total 23200K, used 13919K [0x28ec0000, 0x2a568000, 0x33970000)
   the space 23200K,  59% used [0x28ec0000, 0x29c57cb8, 0x29c57e00, 0x2a568000)
 compacting perm gen  total 12288K, used 1546K [0x33970000, 0x34570000, 0x37970000)
   the space 12288K,  12% used [0x33970000, 0x33af2870, 0x33af2a00, 0x34570000)
    ro space 10240K,  45% used [0x37970000, 0x37df4650, 0x37df4800, 0x38370000)
    rw space 12288K,  54% used [0x38370000, 0x389f7e58, 0x389f8000, 0x38f70000)
Event: 1.052 GC heap after
Heap after GC invocations=7 (full 2):
 def new generation   total 10496K, used 19K [0x23970000, 0x244d0000, 0x28ec0000)
  eden space 9344K,   0% used [0x23970000, 0x23970000, 0x24290000)
  from space 1152K,   1% used [0x243b0000, 0x243b4c00, 0x244d0000)
  to   space 1152K,   0% used [0x24290000, 0x24290000, 0x243b0000)
 tenured generation   total 23200K, used 19075K [0x28ec0000, 0x2a568000, 0x33970000)
   the space 23200K,  82% used [0x28ec0000, 0x2a160de8, 0x2a160e00, 0x2a568000)
 compacting perm gen  total 12288K, used 1546K [0x33970000, 0x34570000, 0x37970000)
   the space 12288K,  12% used [0x33970000, 0x33af2870, 0x33af2a00, 0x34570000)
    ro space 10240K,  45% used [0x37970000, 0x37df4650, 0x37df4800, 0x38370000)
    rw space 12288K,  54% used [0x38370000, 0x389f7e58, 0x389f8000, 0x38f70000)
}
Event: 1.213 GC heap before
{Heap before GC invocations=7 (full 2):
 def new generation   total 10496K, used 9363K [0x23970000, 0x244d0000, 0x28ec0000)
  eden space 9344K, 100% used [0x23970000, 0x24290000, 0x24290000)
  from space 1152K,   1% used [0x243b0000, 0x243b4c00, 0x244d0000)
  to   space 1152K,   0% used [0x24290000, 0x24290000, 0x243b0000)
 tenured generation   total 23200K, used 19075K [0x28ec0000, 0x2a568000, 0x33970000)
   the space 23200K,  82% used [0x28ec0000, 0x2a160de8, 0x2a160e00, 0x2a568000)
 compacting perm gen  total 12288K, used 1553K [0x33970000, 0x34570000, 0x37970000)
   the space 12288K,  12% used [0x33970000, 0x33af4520, 0x33af4600, 0x34570000)
    ro space 10240K,  45% used [0x37970000, 0x37df4650, 0x37df4800, 0x38370000)
    rw space 12288K,  54% used [0x38370000, 0x389f7e58, 0x389f8000, 0x38f70000)
Event: 1.220 GC heap after
Heap after GC invocations=8 (full 2):
 def new generation   total 10496K, used 470K [0x23970000, 0x244d0000, 0x28ec0000)
  eden space 9344K,   0% used [0x23970000, 0x23970000, 0x24290000)
  from space 1152K,  40% used [0x24290000, 0x24305928, 0x243b0000)
  to   space 1152K,   0% used [0x243b0000, 0x243b0000, 0x244d0000)
 tenured generation   total 23200K, used 22356K [0x28ec0000, 0x2a568000, 0x33970000)
   the space 23200K,  96% used [0x28ec0000, 0x2a495308, 0x2a495400, 0x2a568000)
 compacting perm gen  total 12288K, used 1553K [0x33970000, 0x34570000, 0x37970000)
   the space 12288K,  12% used [0x33970000, 0x33af4520, 0x33af4600, 0x34570000)
    ro space 10240K,  45% used [0x37970000, 0x37df4650, 0x37df4800, 0x38370000)
    rw space 12288K,  54% used [0x38370000, 0x389f7e58, 0x389f8000, 0x38f70000)
}
Event: 1.920 GC heap before
{Heap before GC invocations=8 (full 2):
 def new generation   total 10496K, used 9814K [0x23970000, 0x244d0000, 0x28ec0000)
  eden space 9344K, 100% used [0x23970000, 0x24290000, 0x24290000)
  from space 1152K,  40% used [0x24290000, 0x24305928, 0x243b0000)
  to   space 1152K,   0% used [0x243b0000, 0x243b0000, 0x244d0000)
 tenured generation   total 23200K, used 22356K [0x28ec0000, 0x2a568000, 0x33970000)
   the space 23200K,  96% used [0x28ec0000, 0x2a495308, 0x2a495400, 0x2a568000)
 compacting perm gen  total 12288K, used 1576K [0x33970000, 0x34570000, 0x37970000)
   the space 12288K,  12% used [0x33970000, 0x33afa288, 0x33afa400, 0x34570000)
    ro space 10240K,  45% used [0x37970000, 0x37df4650, 0x37df4800, 0x38370000)
    rw space 12288K,  54% used [0x38370000, 0x389f7e58, 0x389f8000, 0x38f70000)
Event: 1.965 GC heap after
Heap after GC invocations=9 (full 3):
 def new generation   total 18048K, used 0K [0x23970000, 0x24d00000, 0x28ec0000)
  eden space 16064K,   0% used [0x23970000, 0x23970000, 0x24920000)
  from space 1984K,   0% used [0x24920000, 0x24920000, 0x24b10000)
  to   space 1984K,   0% used [0x24b10000, 0x24b10000, 0x24d00000)
 tenured generation   total 39984K, used 23990K [0x28ec0000, 0x2b5cc000, 0x33970000)
   the space 39984K,  59% used [0x28ec0000, 0x2a62d800, 0x2a62d800, 0x2b5cc000)
 compacting perm gen  total 12288K, used 1576K [0x33970000, 0x34570000, 0x37970000)
   the space 12288K,  12% used [0x33970000, 0x33afa288, 0x33afa400, 0x34570000)
    ro space 10240K,  45% used [0x37970000, 0x37df4650, 0x37df4800, 0x38370000)
    rw space 12288K,  54% used [0x38370000, 0x389f7e58, 0x389f8000, 0x38f70000)
}

Deoptimization events (0 events):
No events

Internal exceptions (10 events):
Event: 1.315 Thread 0x0117a800 Threw 0x24050288 at C:\jdk7u1_32P\jdk7u7\hotspot\src\share\vm\prims\jvm.cpp:1166
Event: 1.316 Thread 0x0117a800 Threw 0x24052ee0 at C:\jdk7u1_32P\jdk7u7\hotspot\src\share\vm\prims\jvm.cpp:1166
Event: 1.323 Thread 0x0117a800 Threw 0x24066f10 at C:\jdk7u1_32P\jdk7u7\hotspot\src\share\vm\prims\jvm.cpp:1166
Event: 1.324 Thread 0x0117a800 Threw 0x24078c08 at C:\jdk7u1_32P\jdk7u7\hotspot\src\share\vm\prims\jvm.cpp:1166
Event: 1.325 Thread 0x0117a800 Threw 0x2407ac90 at C:\jdk7u1_32P\jdk7u7\hotspot\src\share\vm\prims\jvm.cpp:1166
Event: 3.112 Thread 0x03acec00 Threw 0x23f4a580 at C:\jdk7u1_32P\jdk7u7\hotspot\src\share\vm\prims\jvm.cpp:1166
Event: 3.114 Thread 0x03acec00 Threw 0x23f4e1c0 at C:\jdk7u1_32P\jdk7u7\hotspot\src\share\vm\prims\jvm.cpp:1166
Event: 3.118 Thread 0x03acec00 Threw 0x23f56c80 at C:\jdk7u1_32P\jdk7u7\hotspot\src\share\vm\prims\jvm.cpp:1166
Event: 3.129 Thread 0x03acec00 Threw 0x23f64890 at C:\jdk7u1_32P\jdk7u7\hotspot\src\share\vm\prims\jvm.cpp:1166
Event: 3.143 Thread 0x03acec00 Threw 0x23f7d710 at C:\jdk7u1_32P\jdk7u7\hotspot\src\share\vm\prims\jvm.cpp:1166

Events (10 events):
Event: 7.265 loading class 0x38fe2400
Event: 7.265 loading class 0x39118fb8
Event: 7.265 loading class 0x38fe23a8
Event: 7.265 loading class 0x38fe23a8 done
Event: 7.265 loading class 0x38fe2400 done
Event: 7.266 loading class 0x39118fb8 done
Event: 7.266 Thread 0x03b8a000 Thread exited: 0x03b8a000
Event: 7.266 Thread 0x03b89800 Thread exited: 0x03b89800
Event: 7.266 Thread 0x03ae8400 Thread exited: 0x03ae8400
Event: 7.297 Thread 0x039ee800 Thread exited: 0x039ee800


Dynamic libraries:
0x010c0000 - 0x010ef000 	C:\Program Files\Java\jdk1.7.0_07\bin\java.exe
0x77550000 - 0x7768c000 	C:\Windows\SYSTEM32\ntdll.dll
0x76e40000 - 0x76f14000 	C:\Windows\system32\kernel32.dll
0x75760000 - 0x757ab000 	C:\Windows\system32\KERNELBASE.dll
0x76790000 - 0x76830000 	C:\Windows\system32\ADVAPI32.dll
0x76a00000 - 0x76aac000 	C:\Windows\system32\msvcrt.dll
0x77370000 - 0x77389000 	C:\Windows\SYSTEM32\sechost.dll
0x76cc0000 - 0x76d61000 	C:\Windows\system32\RPCRT4.dll
0x776b0000 - 0x77779000 	C:\Windows\system32\USER32.dll
0x76950000 - 0x7699e000 	C:\Windows\system32\GDI32.dll
0x77270000 - 0x7727a000 	C:\Windows\system32\LPK.dll
0x772d0000 - 0x7736d000 	C:\Windows\system32\USP10.dll
0x74740000 - 0x748de000 	C:\Windows\WinSxS\x86_microsoft.windows.common-controls_6595b64144ccf1df_6.0.7601.17514_none_41e6975e2bd6f2b2\COMCTL32.dll
0x769a0000 - 0x769f7000 	C:\Windows\system32\SHLWAPI.dll
0x766e0000 - 0x766ff000 	C:\Windows\system32\IMM32.DLL
0x76d70000 - 0x76e3c000 	C:\Windows\system32\MSCTF.dll
0x61260000 - 0x6131e000 	C:\Program Files\Java\jdk1.7.0_07\jre\bin\msvcr100.dll
0x5e7b0000 - 0x5eafc000 	C:\Program Files\Java\jdk1.7.0_07\jre\bin\client\jvm.dll
0x72fa0000 - 0x72fa7000 	C:\Windows\system32\WSOCK32.dll
0x77290000 - 0x772c5000 	C:\Windows\system32\WS2_32.dll
0x77280000 - 0x77286000 	C:\Windows\system32\NSI.dll
0x73be0000 - 0x73c12000 	C:\Windows\system32\WINMM.dll
0x776a0000 - 0x776a5000 	C:\Windows\system32\PSAPI.DLL
0x6d160000 - 0x6d16c000 	C:\Program Files\Java\jdk1.7.0_07\jre\bin\verify.dll
0x6a3c0000 - 0x6a3e0000 	C:\Program Files\Java\jdk1.7.0_07\jre\bin\java.dll
0x6a550000 - 0x6a563000 	C:\Program Files\Java\jdk1.7.0_07\jre\bin\zip.dll
0x5f3a0000 - 0x5f4e2000 	C:\Program Files\Java\jdk1.7.0_07\jre\bin\awt.dll
0x76700000 - 0x7678f000 	C:\Windows\system32\OLEAUT32.dll
0x76b30000 - 0x76c8c000 	C:\Windows\system32\ole32.dll
0x74180000 - 0x74193000 	C:\Windows\system32\DWMAPI.DLL
0x745c0000 - 0x74600000 	C:\Windows\system32\uxtheme.dll
0x75630000 - 0x7563c000 	C:\Windows\system32\CRYPTBASE.dll
0x75a40000 - 0x7668a000 	C:\Windows\system32\SHELL32.dll
0x75150000 - 0x75166000 	C:\Windows\system32\CRYPTSP.dll
0x74f00000 - 0x74f3b000 	C:\Windows\system32\rsaenh.dll
0x74d40000 - 0x74d57000 	C:\Windows\system32\USERENV.dll
0x756e0000 - 0x756eb000 	C:\Windows\system32\profapi.dll
0x6a100000 - 0x6a114000 	C:\Program Files\Java\jdk1.7.0_07\jre\bin\net.dll
0x75110000 - 0x7514c000 	C:\Windows\system32\mswsock.dll
0x752b0000 - 0x752b6000 	C:\Windows\System32\wship6.dll
0x73af0000 - 0x73b00000 	C:\Windows\system32\NLAapi.dll
0x702f0000 - 0x70300000 	C:\Windows\system32\napinsp.dll
0x702d0000 - 0x702e2000 	C:\Windows\system32\pnrpnsp.dll
0x74fe0000 - 0x75024000 	C:\Windows\system32\DNSAPI.dll
0x702a0000 - 0x702a8000 	C:\Windows\System32\winrnr.dll
0x70c70000 - 0x70c91000 	C:\Program Files\Bonjour\mdnsNSP.dll
0x72fe0000 - 0x72ffc000 	C:\Windows\system32\Iphlpapi.DLL
0x72fd0000 - 0x72fd7000 	C:\Windows\system32\WINNSI.DLL
0x74c70000 - 0x74c75000 	C:\Windows\System32\wshtcpip.dll
0x70c60000 - 0x70c66000 	C:\Windows\system32\rasadhlp.dll
0x72c20000 - 0x72c58000 	C:\Windows\System32\fwpuclnt.dll
0x6d710000 - 0x6d71f000 	C:\Program Files\Java\jdk1.7.0_07\jre\bin\nio.dll
0x69960000 - 0x6998a000 	C:\Program Files\Java\jdk1.7.0_07\jre\bin\fontmanager.dll
0x69100000 - 0x69131000 	C:\Program Files\Java\jdk1.7.0_07\jre\bin\t2k.dll
0x735f0000 - 0x736db000 	C:\Windows\system32\dbghelp.dll

VM Arguments:
jvm_args: -Dfile.encoding=UTF-8 
java_command: tilemap7.main
Launcher Type: SUN_STANDARD

Environment Variables:
PATH=C:\Program Files\AMD APP\bin\x86;C:\Windows\system32;C:\Windows;C:\Windows\System32\Wbem;C:\Windows\System32\WindowsPowerShell\v1.0\;C:\Program Files\TortoiseSVN\bin;C:\Program Files\ATI Technologies\ATI.ACE\Core-Static
USERNAME=Steve
OS=Windows_NT
PROCESSOR_IDENTIFIER=x86 Family 15 Model 75 Stepping 2, AuthenticAMD



---------------  S Y S T E M  ---------------

OS: Windows 7 Build 7601 Service Pack 1

CPU:total 2 (2 cores per cpu, 1 threads per core) family 15 model 75 stepping 2, cmov, cx8, fxsr, mmx, sse, sse2, sse3, mmxext, 3dnowpref, tsc

Memory: 4k page, physical 2096696k(887980k free), swap 4193392k(2583888k free)

vm_info: Java HotSpot(TM) Client VM (23.3-b01) for windows-x86 JRE (1.7.0_07-b10), built on Aug 28 2012 19:49:22 by "java_re" with unknown MS VC++:1600

time: Thu Jan 10 14:07:26 2013
elapsed time: 7 seconds

